<?xml version="1.0" encoding="UTF-8"?>
<testng-results ignored="0" total="2" passed="2" failed="0" skipped="0">
  <reporter-output>
    <line>
      <![CDATA[Test_01 method exected]]>
    </line>
    <line>
      <![CDATA[Test_01 method exected]]>
    </line>
  </reporter-output>
  <suite started-at="2023-10-21T20:56:03 IST" name="Default suite" finished-at="2023-10-21T20:56:04 IST" duration-ms="101">
    <groups>
    </groups>
    <test started-at="2023-10-21T20:56:03 IST" name="Default test" finished-at="2023-10-21T20:56:04 IST" duration-ms="101">
      <class name="testNG.all_methods_run">
        <test-method signature="test_01()[pri:0, instance:testNG.all_methods_run@42a48628]" started-at="2023-10-21T20:56:04 IST" name="test_01" finished-at="2023-10-21T20:56:04 IST" duration-ms="15" status="PASS">
          <reporter-output>
            <line>
              <![CDATA[Test_01 method exected]]>
            </line>
          </reporter-output>
        </test-method> <!-- test_01 -->
        <test-method signature="test_02()[pri:0, instance:testNG.all_methods_run@42a48628]" started-at="2023-10-21T20:56:04 IST" name="test_02" finished-at="2023-10-21T20:56:04 IST" duration-ms="2" status="PASS">
          <reporter-output>
            <line>
              <![CDATA[Test_01 method exected]]>
            </line>
          </reporter-output>
        </test-method> <!-- test_02 -->
      </class> <!-- testNG.all_methods_run -->
    </test> <!-- Default test -->
  </suite> <!-- Default suite -->
</testng-results>
